<?xml version="1.0" encoding="UTF-8"?>
<!-- Generated by org.testng.reporters.JUnitXMLReporter -->
<testsuite hostname="ip-172-31-95-52" ignored="0" name="Amazon Test" tests="7" failures="1" timestamp="2022-05-09T11:01:41 UTC" time="30.675" errors="0">
  <testcase name="testAmazonHomePageTitle" time="0.051" classname="com.simplilearn.webapptest.amazon.AmazonHomepageTest"/>
  <testcase name="testAmazonHomeSourceUrl" time="0.429" classname="com.simplilearn.webapptest.amazon.AmazonHomepageTest"/>
  <testcase name="testAmazonSearchProductTest" time="1.293" classname="com.simplilearn.webapptest.amazon.AmazonHomepageTest">
    <failure type="java.lang.AssertionError" message="expected [] but found [Amazon.in : Iphone 12 max pro]">
      <![CDATA[java.lang.AssertionError: expected [] but found [Amazon.in : Iphone 12 max pro]
at com.simplilearn.webapptest.amazon.AmazonHomepageTest.testAmazonSearchProductTest(AmazonHomepageTest.java:54)
at java.util.ArrayList.forEach(ArrayList.java:1257)
... Removed 33 stack frames]]>
    </failure>
  </testcase> <!-- testAmazonSearchProductTest -->
  <testcase name="testAmazonSearchProductTest2" time="2.408" classname="com.simplilearn.webapptest.amazon.AmazonHomepageTest"/>
  <testcase name="testBestSellerNavLink" time="2.144" classname="com.simplilearn.webapptest.amazon.AmazonNavLinkTest"/>
  <testcase name="testBestSellerNavLink2" time="1.926" classname="com.simplilearn.webapptest.amazon.AmazonNavLinkTest"/>
  <testcase name="testTodaysDealNavLink3" time="1.764" classname="com.simplilearn.webapptest.amazon.AmazonNavLinkTest"/>
</testsuite> <!-- Amazon Test -->
