<?xml version="1.0" encoding="UTF-8"?>
<testng-results skipped="0" failed="1" ignored="0" total="12" passed="11">
  <reporter-output>
  </reporter-output>
  <suite name="eCommerce Webapp Test Suite" duration-ms="46967" started-at="2022-05-09T11:01:11 UTC" finished-at="2022-05-09T11:01:58 UTC">
    <groups>
    </groups>
    <test name="Amazon Test" duration-ms="30675" started-at="2022-05-09T11:01:11 UTC" finished-at="2022-05-09T11:01:41 UTC">
      <class name="com.simplilearn.webapptest.amazon.AmazonNavLinkTest">
        <test-method status="PASS" signature="beforeMethod()[pri:0, instance:com.simplilearn.webapptest.amazon.AmazonNavLinkTest@6ec8211c]" name="beforeMethod" is-config="true" duration-ms="2289" started-at="2022-05-09T11:01:28 UTC" finished-at="2022-05-09T11:01:30 UTC">
          <reporter-output>
          </reporter-output>
        </test-method> <!-- beforeMethod -->
        <test-method status="PASS" signature="testBestSellerNavLink()[pri:0, instance:com.simplilearn.webapptest.amazon.AmazonNavLinkTest@6ec8211c]" name="testBestSellerNavLink" duration-ms="2144" started-at="2022-05-09T11:01:30 UTC" finished-at="2022-05-09T11:01:32 UTC">
          <reporter-output>
          </reporter-output>
        </test-method> <!-- testBestSellerNavLink -->
        <test-method status="PASS" signature="afterMethod()[pri:0, instance:com.simplilearn.webapptest.amazon.AmazonNavLinkTest@6ec8211c]" name="afterMethod" is-config="true" duration-ms="214" started-at="2022-05-09T11:01:32 UTC" finished-at="2022-05-09T11:01:32 UTC">
          <reporter-output>
          </reporter-output>
        </test-method> <!-- afterMethod -->
        <test-method status="PASS" signature="beforeMethod()[pri:0, instance:com.simplilearn.webapptest.amazon.AmazonNavLinkTest@6ec8211c]" name="beforeMethod" is-config="true" duration-ms="2211" started-at="2022-05-09T11:01:32 UTC" finished-at="2022-05-09T11:01:34 UTC">
          <reporter-output>
          </reporter-output>
        </test-method> <!-- beforeMethod -->
        <test-method status="PASS" signature="testBestSellerNavLink2()[pri:0, instance:com.simplilearn.webapptest.amazon.AmazonNavLinkTest@6ec8211c]" name="testBestSellerNavLink2" duration-ms="1926" started-at="2022-05-09T11:01:34 UTC" finished-at="2022-05-09T11:01:36 UTC">
          <reporter-output>
          </reporter-output>
        </test-method> <!-- testBestSellerNavLink2 -->
        <test-method status="PASS" signature="afterMethod()[pri:0, instance:com.simplilearn.webapptest.amazon.AmazonNavLinkTest@6ec8211c]" name="afterMethod" is-config="true" duration-ms="144" started-at="2022-05-09T11:01:36 UTC" finished-at="2022-05-09T11:01:37 UTC">
          <reporter-output>
          </reporter-output>
        </test-method> <!-- afterMethod -->
        <test-method status="PASS" signature="beforeMethod()[pri:0, instance:com.simplilearn.webapptest.amazon.AmazonNavLinkTest@6ec8211c]" name="beforeMethod" is-config="true" duration-ms="2766" started-at="2022-05-09T11:01:37 UTC" finished-at="2022-05-09T11:01:39 UTC">
          <reporter-output>
          </reporter-output>
        </test-method> <!-- beforeMethod -->
        <test-method status="PASS" signature="testTodaysDealNavLink3()[pri:0, instance:com.simplilearn.webapptest.amazon.AmazonNavLinkTest@6ec8211c]" name="testTodaysDealNavLink3" duration-ms="1764" started-at="2022-05-09T11:01:39 UTC" finished-at="2022-05-09T11:01:41 UTC">
          <reporter-output>
          </reporter-output>
        </test-method> <!-- testTodaysDealNavLink3 -->
        <test-method status="PASS" signature="afterMethod()[pri:0, instance:com.simplilearn.webapptest.amazon.AmazonNavLinkTest@6ec8211c]" name="afterMethod" is-config="true" duration-ms="174" started-at="2022-05-09T11:01:41 UTC" finished-at="2022-05-09T11:01:41 UTC">
          <reporter-output>
          </reporter-output>
        </test-method> <!-- afterMethod -->
      </class> <!-- com.simplilearn.webapptest.amazon.AmazonNavLinkTest -->
      <class name="com.simplilearn.webapptest.amazon.AmazonHomepageTest">
        <test-method status="PASS" signature="beforeMethod()[pri:0, instance:com.simplilearn.webapptest.amazon.AmazonHomepageTest@8646db9]" name="beforeMethod" is-config="true" duration-ms="3197" started-at="2022-05-09T11:01:11 UTC" finished-at="2022-05-09T11:01:14 UTC">
          <reporter-output>
          </reporter-output>
        </test-method> <!-- beforeMethod -->
        <test-method status="PASS" signature="testAmazonHomePageTitle()[pri:0, instance:com.simplilearn.webapptest.amazon.AmazonHomepageTest@8646db9]" name="testAmazonHomePageTitle" duration-ms="51" started-at="2022-05-09T11:01:14 UTC" finished-at="2022-05-09T11:01:14 UTC">
          <reporter-output>
          </reporter-output>
        </test-method> <!-- testAmazonHomePageTitle -->
        <test-method status="PASS" signature="afterMethod()[pri:0, instance:com.simplilearn.webapptest.amazon.AmazonHomepageTest@8646db9]" name="afterMethod" is-config="true" duration-ms="172" started-at="2022-05-09T11:01:14 UTC" finished-at="2022-05-09T11:01:14 UTC">
          <reporter-output>
          </reporter-output>
        </test-method> <!-- afterMethod -->
        <test-method status="PASS" signature="beforeMethod()[pri:0, instance:com.simplilearn.webapptest.amazon.AmazonHomepageTest@8646db9]" name="beforeMethod" is-config="true" duration-ms="2611" started-at="2022-05-09T11:01:14 UTC" finished-at="2022-05-09T11:01:17 UTC">
          <reporter-output>
          </reporter-output>
        </test-method> <!-- beforeMethod -->
        <test-method status="PASS" signature="testAmazonHomeSourceUrl()[pri:0, instance:com.simplilearn.webapptest.amazon.AmazonHomepageTest@8646db9]" name="testAmazonHomeSourceUrl" duration-ms="429" started-at="2022-05-09T11:01:17 UTC" finished-at="2022-05-09T11:01:17 UTC">
          <reporter-output>
          </reporter-output>
        </test-method> <!-- testAmazonHomeSourceUrl -->
        <test-method status="PASS" signature="afterMethod()[pri:0, instance:com.simplilearn.webapptest.amazon.AmazonHomepageTest@8646db9]" name="afterMethod" is-config="true" duration-ms="242" started-at="2022-05-09T11:01:17 UTC" finished-at="2022-05-09T11:01:17 UTC">
          <reporter-output>
          </reporter-output>
        </test-method> <!-- afterMethod -->
        <test-method status="PASS" signature="beforeMethod()[pri:0, instance:com.simplilearn.webapptest.amazon.AmazonHomepageTest@8646db9]" name="beforeMethod" is-config="true" duration-ms="3487" started-at="2022-05-09T11:01:17 UTC" finished-at="2022-05-09T11:01:21 UTC">
          <reporter-output>
          </reporter-output>
        </test-method> <!-- beforeMethod -->
        <test-method status="FAIL" signature="testAmazonSearchProductTest()[pri:0, instance:com.simplilearn.webapptest.amazon.AmazonHomepageTest@8646db9]" name="testAmazonSearchProductTest" duration-ms="1293" started-at="2022-05-09T11:01:21 UTC" finished-at="2022-05-09T11:01:22 UTC">
          <exception class="java.lang.AssertionError">
            <message>
              <![CDATA[expected [] but found [Amazon.in : Iphone 12 max pro]]]>
            </message>
            <full-stacktrace>
              <![CDATA[java.lang.AssertionError: expected [] but found [Amazon.in : Iphone 12 max pro]
at org.testng.Assert.fail(Assert.java:110)
at org.testng.Assert.failNotEquals(Assert.java:1413)
at org.testng.Assert.assertEqualsImpl(Assert.java:149)
at org.testng.Assert.assertEquals(Assert.java:131)
at org.testng.Assert.assertEquals(Assert.java:655)
at org.testng.Assert.assertEquals(Assert.java:665)
at com.simplilearn.webapptest.amazon.AmazonHomepageTest.testAmazonSearchProductTest(AmazonHomepageTest.java:54)
at sun.reflect.NativeMethodAccessorImpl.invoke0(Native Method)
at sun.reflect.NativeMethodAccessorImpl.invoke(NativeMethodAccessorImpl.java:62)
at sun.reflect.DelegatingMethodAccessorImpl.invoke(DelegatingMethodAccessorImpl.java:43)
at java.lang.reflect.Method.invoke(Method.java:498)
at org.testng.internal.invokers.MethodInvocationHelper.invokeMethod(MethodInvocationHelper.java:135)
at org.testng.internal.invokers.TestInvoker.invokeMethod(TestInvoker.java:673)
at org.testng.internal.invokers.TestInvoker.invokeTestMethod(TestInvoker.java:220)
at org.testng.internal.invokers.MethodRunner.runInSequence(MethodRunner.java:50)
at org.testng.internal.invokers.TestInvoker$MethodInvocationAgent.invoke(TestInvoker.java:945)
at org.testng.internal.invokers.TestInvoker.invokeTestMethods(TestInvoker.java:193)
at org.testng.internal.invokers.TestMethodWorker.invokeTestMethods(TestMethodWorker.java:146)
at org.testng.internal.invokers.TestMethodWorker.run(TestMethodWorker.java:128)
at java.util.ArrayList.forEach(ArrayList.java:1257)
at org.testng.TestRunner.privateRun(TestRunner.java:808)
at org.testng.TestRunner.run(TestRunner.java:603)
at org.testng.SuiteRunner.runTest(SuiteRunner.java:429)
at org.testng.SuiteRunner.runSequentially(SuiteRunner.java:423)
at org.testng.SuiteRunner.privateRun(SuiteRunner.java:383)
at org.testng.SuiteRunner.run(SuiteRunner.java:326)
at org.testng.SuiteRunnerWorker.runSuite(SuiteRunnerWorker.java:52)
at org.testng.SuiteRunnerWorker.run(SuiteRunnerWorker.java:95)
at org.testng.TestNG.runSuitesSequentially(TestNG.java:1249)
at org.testng.TestNG.runSuitesLocally(TestNG.java:1169)
at org.testng.TestNG.runSuites(TestNG.java:1092)
at org.testng.TestNG.run(TestNG.java:1060)
at org.testng.remote.AbstractRemoteTestNG.run(AbstractRemoteTestNG.java:115)
at org.testng.remote.RemoteTestNG.initAndRun(RemoteTestNG.java:251)
at org.testng.remote.RemoteTestNG.main(RemoteTestNG.java:77)
]]>
            </full-stacktrace>
          </exception> <!-- java.lang.AssertionError -->
          <reporter-output>
          </reporter-output>
        </test-method> <!-- testAmazonSearchProductTest -->
        <test-method status="PASS" signature="afterMethod()[pri:0, instance:com.simplilearn.webapptest.amazon.AmazonHomepageTest@8646db9]" name="afterMethod" is-config="true" duration-ms="123" started-at="2022-05-09T11:01:22 UTC" finished-at="2022-05-09T11:01:22 UTC">
          <reporter-output>
          </reporter-output>
        </test-method> <!-- afterMethod -->
        <test-method status="PASS" signature="beforeMethod()[pri:0, instance:com.simplilearn.webapptest.amazon.AmazonHomepageTest@8646db9]" name="beforeMethod" is-config="true" duration-ms="2845" started-at="2022-05-09T11:01:22 UTC" finished-at="2022-05-09T11:01:25 UTC">
          <reporter-output>
          </reporter-output>
        </test-method> <!-- beforeMethod -->
        <test-method status="PASS" signature="testAmazonSearchProductTest2()[pri:0, instance:com.simplilearn.webapptest.amazon.AmazonHomepageTest@8646db9]" name="testAmazonSearchProductTest2" duration-ms="2408" started-at="2022-05-09T11:01:25 UTC" finished-at="2022-05-09T11:01:27 UTC">
          <reporter-output>
          </reporter-output>
        </test-method> <!-- testAmazonSearchProductTest2 -->
        <test-method status="PASS" signature="afterMethod()[pri:0, instance:com.simplilearn.webapptest.amazon.AmazonHomepageTest@8646db9]" name="afterMethod" is-config="true" duration-ms="128" started-at="2022-05-09T11:01:27 UTC" finished-at="2022-05-09T11:01:28 UTC">
          <reporter-output>
          </reporter-output>
        </test-method> <!-- afterMethod -->
      </class> <!-- com.simplilearn.webapptest.amazon.AmazonHomepageTest -->
    </test> <!-- Amazon Test -->
    <test name="Facebook Test" duration-ms="16235" started-at="2022-05-09T11:01:41 UTC" finished-at="2022-05-09T11:01:58 UTC">
      <class name="com.simplilearn.webapptest.facebook.FacebookLoginTest">
        <test-method status="PASS" signature="beforeMethod()[pri:0, instance:com.simplilearn.webapptest.facebook.FacebookLoginTest@2fd66ad3]" name="beforeMethod" is-config="true" duration-ms="1602" started-at="2022-05-09T11:01:41 UTC" finished-at="2022-05-09T11:01:43 UTC">
          <reporter-output>
          </reporter-output>
        </test-method> <!-- beforeMethod -->
        <test-method status="PASS" signature="testFailureLogin()[pri:0, instance:com.simplilearn.webapptest.facebook.FacebookLoginTest@2fd66ad3]" name="testFailureLogin" duration-ms="12461" started-at="2022-05-09T11:01:43 UTC" finished-at="2022-05-09T11:01:55 UTC">
          <reporter-output>
          </reporter-output>
        </test-method> <!-- testFailureLogin -->
        <test-method status="PASS" signature="afterMethod()[pri:0, instance:com.simplilearn.webapptest.facebook.FacebookLoginTest@2fd66ad3]" name="afterMethod" is-config="true" duration-ms="113" started-at="2022-05-09T11:01:55 UTC" finished-at="2022-05-09T11:01:55 UTC">
          <reporter-output>
          </reporter-output>
        </test-method> <!-- afterMethod -->
        <test-method status="PASS" signature="beforeMethod()[pri:0, instance:com.simplilearn.webapptest.facebook.FacebookLoginTest@2fd66ad3]" name="beforeMethod" is-config="true" duration-ms="1744" started-at="2022-05-09T11:01:55 UTC" finished-at="2022-05-09T11:01:57 UTC">
          <reporter-output>
          </reporter-output>
        </test-method> <!-- beforeMethod -->
        <test-method status="PASS" signature="testFieldsLogin()[pri:0, instance:com.simplilearn.webapptest.facebook.FacebookLoginTest@2fd66ad3]" name="testFieldsLogin" duration-ms="158" started-at="2022-05-09T11:01:57 UTC" finished-at="2022-05-09T11:01:57 UTC">
          <reporter-output>
          </reporter-output>
        </test-method> <!-- testFieldsLogin -->
        <test-method status="PASS" signature="afterMethod()[pri:0, instance:com.simplilearn.webapptest.facebook.FacebookLoginTest@2fd66ad3]" name="afterMethod" is-config="true" duration-ms="152" started-at="2022-05-09T11:01:57 UTC" finished-at="2022-05-09T11:01:58 UTC">
          <reporter-output>
          </reporter-output>
        </test-method> <!-- afterMethod -->
      </class> <!-- com.simplilearn.webapptest.facebook.FacebookLoginTest -->
    </test> <!-- Facebook Test -->
    <test name="General Test" duration-ms="14" started-at="2022-05-09T11:01:58 UTC" finished-at="2022-05-09T11:01:58 UTC">
      <class name="com.simplilearn.webapptest.TestNGStandardAnnotationTest">
        <test-method status="PASS" signature="beforeSuite()[pri:0, instance:com.simplilearn.webapptest.TestNGStandardAnnotationTest@35a50a4c]" name="beforeSuite" is-config="true" duration-ms="7" started-at="2022-05-09T11:01:11 UTC" finished-at="2022-05-09T11:01:11 UTC">
          <reporter-output>
          </reporter-output>
        </test-method> <!-- beforeSuite -->
        <test-method status="PASS" signature="beforeClass()[pri:0, instance:com.simplilearn.webapptest.TestNGStandardAnnotationTest@35a50a4c]" name="beforeClass" is-config="true" duration-ms="5" started-at="2022-05-09T11:01:58 UTC" finished-at="2022-05-09T11:01:58 UTC">
          <reporter-output>
          </reporter-output>
        </test-method> <!-- beforeClass -->
        <test-method status="PASS" signature="beforeMethod()[pri:0, instance:com.simplilearn.webapptest.TestNGStandardAnnotationTest@35a50a4c]" name="beforeMethod" is-config="true" duration-ms="0" started-at="2022-05-09T11:01:58 UTC" finished-at="2022-05-09T11:01:58 UTC">
          <reporter-output>
          </reporter-output>
        </test-method> <!-- beforeMethod -->
        <test-method status="PASS" signature="testOne()[pri:0, instance:com.simplilearn.webapptest.TestNGStandardAnnotationTest@35a50a4c]" name="testOne" duration-ms="0" started-at="2022-05-09T11:01:58 UTC" finished-at="2022-05-09T11:01:58 UTC">
          <reporter-output>
          </reporter-output>
        </test-method> <!-- testOne -->
        <test-method status="PASS" signature="afterMethod()[pri:0, instance:com.simplilearn.webapptest.TestNGStandardAnnotationTest@35a50a4c]" name="afterMethod" is-config="true" duration-ms="1" started-at="2022-05-09T11:01:58 UTC" finished-at="2022-05-09T11:01:58 UTC">
          <reporter-output>
          </reporter-output>
        </test-method> <!-- afterMethod -->
        <test-method status="PASS" signature="beforeMethod()[pri:0, instance:com.simplilearn.webapptest.TestNGStandardAnnotationTest@35a50a4c]" name="beforeMethod" is-config="true" duration-ms="0" started-at="2022-05-09T11:01:58 UTC" finished-at="2022-05-09T11:01:58 UTC">
          <reporter-output>
          </reporter-output>
        </test-method> <!-- beforeMethod -->
        <test-method status="PASS" signature="testThree()[pri:0, instance:com.simplilearn.webapptest.TestNGStandardAnnotationTest@35a50a4c]" name="testThree" duration-ms="1" started-at="2022-05-09T11:01:58 UTC" finished-at="2022-05-09T11:01:58 UTC">
          <reporter-output>
          </reporter-output>
        </test-method> <!-- testThree -->
        <test-method status="PASS" signature="afterMethod()[pri:0, instance:com.simplilearn.webapptest.TestNGStandardAnnotationTest@35a50a4c]" name="afterMethod" is-config="true" duration-ms="0" started-at="2022-05-09T11:01:58 UTC" finished-at="2022-05-09T11:01:58 UTC">
          <reporter-output>
          </reporter-output>
        </test-method> <!-- afterMethod -->
        <test-method status="PASS" signature="beforeMethod()[pri:0, instance:com.simplilearn.webapptest.TestNGStandardAnnotationTest@35a50a4c]" name="beforeMethod" is-config="true" duration-ms="0" started-at="2022-05-09T11:01:58 UTC" finished-at="2022-05-09T11:01:58 UTC">
          <reporter-output>
          </reporter-output>
        </test-method> <!-- beforeMethod -->
        <test-method status="PASS" signature="testTwo()[pri:0, instance:com.simplilearn.webapptest.TestNGStandardAnnotationTest@35a50a4c]" name="testTwo" duration-ms="1" started-at="2022-05-09T11:01:58 UTC" finished-at="2022-05-09T11:01:58 UTC">
          <reporter-output>
          </reporter-output>
        </test-method> <!-- testTwo -->
        <test-method status="PASS" signature="afterClass()[pri:0, instance:com.simplilearn.webapptest.TestNGStandardAnnotationTest@35a50a4c]" name="afterClass" is-config="true" duration-ms="1" started-at="2022-05-09T11:01:58 UTC" finished-at="2022-05-09T11:01:58 UTC">
          <reporter-output>
          </reporter-output>
        </test-method> <!-- afterClass -->
        <test-method status="PASS" signature="afterMethod()[pri:0, instance:com.simplilearn.webapptest.TestNGStandardAnnotationTest@35a50a4c]" name="afterMethod" is-config="true" duration-ms="0" started-at="2022-05-09T11:01:58 UTC" finished-at="2022-05-09T11:01:58 UTC">
          <reporter-output>
          </reporter-output>
        </test-method> <!-- afterMethod -->
        <test-method status="PASS" signature="afterSuite()[pri:0, instance:com.simplilearn.webapptest.TestNGStandardAnnotationTest@35a50a4c]" name="afterSuite" is-config="true" duration-ms="0" started-at="2022-05-09T11:01:58 UTC" finished-at="2022-05-09T11:01:58 UTC">
          <reporter-output>
          </reporter-output>
        </test-method> <!-- afterSuite -->
      </class> <!-- com.simplilearn.webapptest.TestNGStandardAnnotationTest -->
    </test> <!-- General Test -->
  </suite> <!-- eCommerce Webapp Test Suite -->
</testng-results>
